<?xml version="1.0" encoding="UTF-8" ?>
<beans xmlns="http://www.springframework.org/schema/beans" xmlns:xsi="http://www.w3.org/2001/XMLSchema-instance"
       xmlns:context="http://www.springframework.org/schema/context"
       xsi:schemaLocation="
		http://www.springframework.org/schema/beans http://www.springframework.org/schema/beans/spring-beans-3.1.xsd
		http://www.springframework.org/schema/context http://www.springframework.org/schema/context/spring-context-3.1.xsd
		">

    <!-- Mail context -->
    
    
    
    

    
    <!-- <cache:annotation-driven /> -->
    <context:component-scan base-package="com.m2je.test">
        
    </context:component-scan>
    <context:annotation-config/>

    <context:property-placeholder
            location="classpath:/test-config.properties"/>

    <bean id="clientHttpRequestFactory" class="org.springframework.http.client.HttpComponentsClientHttpRequestFactory"/>

        
    

    <bean id="jacksonObjectMapper" class="com.fasterxml.jackson.databind.ObjectMapper">
    </bean>


    
    <bean id="messageConverters" class="java.util.ArrayList">
        <constructor-arg>
            <list>
                <bean class="org.springframework.http.converter.StringHttpMessageConverter"/>
                <bean class="org.springframework.http.converter.ByteArrayHttpMessageConverter"/>
                <bean class="org.springframework.http.converter.ResourceHttpMessageConverter"/>
                <bean class="org.springframework.http.converter.xml.SourceHttpMessageConverter"/>
                <bean class="org.springframework.http.converter.support.AllEncompassingFormHttpMessageConverter"/>
                <bean class="org.springframework.http.converter.xml.Jaxb2RootElementHttpMessageConverter"/>
                <bean class="org.springframework.http.converter.json.MappingJackson2HttpMessageConverter">
                    <property name="objectMapper" ref="jacksonObjectMapper"/>
                </bean>
            </list>
        </constructor-arg>
    </bean>
 
    

   
   
 

</beans>
